::1 - - [27/Apr/2018:21:23:10 +0000] "POST /api/posts HTTP/1.1" 500 31
::1 - - [27/Apr/2018:21:28:37 +0000] "POST /api/posts HTTP/1.1" 500 31
::1 - - [27/Apr/2018:21:29:01 +0000] "POST /api/posts HTTP/1.1" 500 31
::1 - - [27/Apr/2018:21:29:35 +0000] "POST /api/posts HTTP/1.1" 500 31
::1 - - [27/Apr/2018:21:29:36 +0000] "POST /api/posts HTTP/1.1" 500 31
::1 - - [27/Apr/2018:21:29:36 +0000] "POST /api/posts HTTP/1.1" 500 31
::1 - - [27/Apr/2018:21:29:36 +0000] "POST /api/posts HTTP/1.1" 500 31
::1 - - [27/Apr/2018:21:29:37 +0000] "POST /api/posts HTTP/1.1" 500 31
::1 - - [27/Apr/2018:21:29:37 +0000] "POST /api/posts HTTP/1.1" 500 31
::1 - - [27/Apr/2018:21:29:37 +0000] "POST /api/posts HTTP/1.1" 500 31
::1 - - [27/Apr/2018:21:29:37 +0000] "POST /api/posts HTTP/1.1" 500 31
::1 - - [27/Apr/2018:21:29:37 +0000] "POST /api/posts HTTP/1.1" 500 31
::1 - - [27/Apr/2018:21:29:37 +0000] "POST /api/posts HTTP/1.1" 500 31
::1 - - [27/Apr/2018:21:29:38 +0000] "POST /api/posts HTTP/1.1" 500 31
::1 - - [27/Apr/2018:21:29:38 +0000] "POST /api/posts HTTP/1.1" 500 31
::1 - - [27/Apr/2018:21:29:38 +0000] "POST /api/posts HTTP/1.1" 500 31
::1 - - [27/Apr/2018:21:29:38 +0000] "POST /api/posts HTTP/1.1" 500 31
::1 - - [27/Apr/2018:21:29:38 +0000] "POST /api/posts HTTP/1.1" 500 31
::1 - - [27/Apr/2018:21:29:38 +0000] "POST /api/posts HTTP/1.1" 500 31
::1 - - [27/Apr/2018:21:29:39 +0000] "POST /api/posts HTTP/1.1" 500 31
::1 - - [27/Apr/2018:21:29:39 +0000] "POST /api/posts HTTP/1.1" 500 31
::1 - - [27/Apr/2018:21:29:39 +0000] "POST /api/posts HTTP/1.1" 500 31
::1 - - [27/Apr/2018:21:29:39 +0000] "POST /api/posts HTTP/1.1" 500 31
::1 - - [27/Apr/2018:21:30:29 +0000] "POST /api/posts HTTP/1.1" 500 31
::1 - - [27/Apr/2018:21:30:52 +0000] "POST /api/posts HTTP/1.1" 500 31
::1 - - [27/Apr/2018:21:31:01 +0000] "POST /api/posts HTTP/1.1" 500 31
::1 - - [27/Apr/2018:21:31:08 +0000] "POST /api/posts HTTP/1.1" 500 31
::1 - - [27/Apr/2018:21:32:38 +0000] "POST /api/posts HTTP/1.1" 500 31
::1 - - [27/Apr/2018:21:33:35 +0000] "POST /api/posts HTTP/1.1" 500 31
::1 - - [27/Apr/2018:21:33:55 +0000] "POST /api/posts HTTP/1.1" 500 31
::1 - - [27/Apr/2018:21:34:03 +0000] "GET /api/posts HTTP/1.1" 500 31
::1 - - [27/Apr/2018:21:34:04 +0000] "GET /api/posts HTTP/1.1" 500 31
::1 - - [27/Apr/2018:21:34:05 +0000] "GET /api/posts HTTP/1.1" 500 31
::1 - - [27/Apr/2018:21:34:05 +0000] "GET /api/posts HTTP/1.1" 500 31
::1 - - [27/Apr/2018:21:34:06 +0000] "GET /api/posts HTTP/1.1" 500 31
::1 - - [27/Apr/2018:21:34:06 +0000] "GET /api/posts HTTP/1.1" 500 31
::1 - - [27/Apr/2018:21:34:07 +0000] "GET /api/posts HTTP/1.1" 500 31
::1 - - [27/Apr/2018:21:36:01 +0000] "GET /api/posts HTTP/1.1" 500 31
::1 - - [27/Apr/2018:21:36:20 +0000] "POST /api/posts HTTP/1.1" 500 31
::1 - - [27/Apr/2018:21:36:43 +0000] "POST /api/posts HTTP/1.1" 500 31
::1 - - [27/Apr/2018:21:37:39 +0000] "POST /api/posts HTTP/1.1" 500 31
::1 - - [27/Apr/2018:21:37:51 +0000] "POST /api/posts HTTP/1.1" 500 31
::1 - - [27/Apr/2018:21:38:01 +0000] "POST /api/posts HTTP/1.1" 500 31
::1 - - [27/Apr/2018:21:38:09 +0000] "POST /api/posts HTTP/1.1" 500 31
::1 - - [27/Apr/2018:21:39:11 +0000] "POST /api/posts HTTP/1.1" 500 31
::1 - - [27/Apr/2018:21:41:14 +0000] "POST /api/posts HTTP/1.1" 500 31
::1 - - [27/Apr/2018:21:41:56 +0000] "POST /api/posts HTTP/1.1" 500 31
::1 - - [27/Apr/2018:21:42:17 +0000] "POST /api/posts HTTP/1.1" 200 60
::1 - - [27/Apr/2018:21:44:20 +0000] "POST /api/posts HTTP/1.1" 403 56
::1 - - [27/Apr/2018:21:44:28 +0000] "POST /api/posts HTTP/1.1" 500 31
::1 - - [27/Apr/2018:21:44:43 +0000] "POST /api/posts HTTP/1.1" 200 64
::1 - - [27/Apr/2018:21:44:48 +0000] "POST /api/posts HTTP/1.1" 403 60
::1 - - [27/Apr/2018:21:44:57 +0000] "GET /api/posts HTTP/1.1" 200 127
::1 - - [27/Apr/2018:21:58:39 +0000] "GET /api/posts HTTP/1.1" 200 2
::1 - - [27/Apr/2018:21:58:55 +0000] "POST /api/posts HTTP/1.1" 200 97
::1 - - [27/Apr/2018:21:59:15 +0000] "GET /api/posts/5ae39d1fe208d346abeea23b HTTP/1.1" 200 97
::1 - - [27/Apr/2018:22:02:27 +0000] "PUT /api/posts/5ae39d1fe208d346abeea23b HTTP/1.1" 500 31
::1 - - [27/Apr/2018:22:11:02 +0000] "PUT /api/posts/5ae39d1fe208d346abeea23b HTTP/1.1" 500 31
::1 - - [27/Apr/2018:22:11:21 +0000] "PUT /api/posts/5ae39d1fe208d346abeea23b HTTP/1.1" 500 31
::1 - - [27/Apr/2018:22:17:23 +0000] "PUT /api/posts/5ae39d1fe208d346abeea23b HTTP/1.1" 500 31
::1 - - [27/Apr/2018:22:17:44 +0000] "PUT /api/posts/5ae39d1fe208d346abeea23b HTTP/1.1" 500 31
::1 - - [27/Apr/2018:22:18:12 +0000] "PUT /api/posts/5ae39d1fe208d346abeea23b HTTP/1.1" 500 31
::1 - - [27/Apr/2018:22:18:25 +0000] "PUT /api/posts/5ae39d1fe208d346abeea23b HTTP/1.1" 500 31
::1 - - [27/Apr/2018:22:19:11 +0000] "PUT /api/posts/5ae39d1fe208d346abeea23b HTTP/1.1" 500 31
::1 - - [27/Apr/2018:22:28:27 +0000] "PUT /api/posts/5ae39d1fe208d346abeea23b HTTP/1.1" 500 31
::1 - - [27/Apr/2018:22:29:19 +0000] "PUT /api/posts/5ae39d1fe208d346abeea23b HTTP/1.1" 200 119
::1 - - [27/Apr/2018:22:29:25 +0000] "PUT /api/posts/5ae39d1fe208d346abeea23b HTTP/1.1" 200 119
::1 - - [27/Apr/2018:22:29:32 +0000] "PUT /api/posts/5ae39d1fe208d346abeea23b HTTP/1.1" 200 125
::1 - - [27/Apr/2018:22:42:16 +0000] "DELETE /api/posts/delete/5ae39d1fe208d346abeea23b HTTP/1.1" 200 31
::1 - - [27/Apr/2018:22:42:28 +0000] "DELETE /api/posts/5ae39d1fe208d346abeea23b HTTP/1.1" 200 124
::1 - - [27/Apr/2018:22:42:36 +0000] "GET /api/posts/5ae39d1fe208d346abeea23b HTTP/1.1" 200 4
